
> plin@0.1.0 build
> next build

⚠ `eslint` configuration in next.config.mjs is no longer supported. See more info here: https://nextjs.org/docs/app/api-reference/cli/next#next-lint-options
⚠ Invalid next.config.mjs options detected: 
⚠     Unrecognized key(s) in object: 'eslint'
⚠ See more info here: https://nextjs.org/docs/messages/invalid-next-config
▲ Next.js 16.2.6 (Turbopack)
- Environments: .env.local, .env

  Creating an optimized production build ...
✓ Compiled successfully in 293.0min
  Skipping validation of types
  Finished TypeScript config validation in 3ms ...
  Collecting page data using 5 workers ...
  Generating static pages using 5 workers (0/4) ...
  Generating static pages using 5 workers (1/4) 
  Generating static pages using 5 workers (2/4) 
  Generating static pages using 5 workers (3/4) 
✓ Generating static pages using 5 workers (4/4) in 305ms
  Finalizing page optimization ...

Route (app)
┌ ○ /
└ ○ /_not-found


○  (Static)  prerendered as static content

